<?xml version="1.0" encoding="UTF-8"?>
<testng-results ignored="0" total="1" passed="1" failed="0" skipped="0">
  <reporter-output>
  </reporter-output>
  <suite started-at="2023-10-16T18:04:02 IST" name="Default suite" finished-at="2023-10-16T18:04:31 IST" duration-ms="28677">
    <groups>
    </groups>
    <test started-at="2023-10-16T18:04:02 IST" name="Default test" finished-at="2023-10-16T18:04:31 IST" duration-ms="28677">
      <class name="com.Demoblaze.testLayer.DemoblazeTest">
        <test-method is-config="true" signature="setUp()[pri:0, instance:com.Demoblaze.testLayer.DemoblazeTest@4c371370]" started-at="2023-10-16T18:04:02 IST" name="setUp" finished-at="2023-10-16T18:04:09 IST" duration-ms="7008" status="PASS">
          <reporter-output>
          </reporter-output>
        </test-method> <!-- setUp -->
        <test-method signature="HomePageFun()[pri:0, instance:com.Demoblaze.testLayer.DemoblazeTest@4c371370]" started-at="2023-10-16T18:04:09 IST" name="HomePageFun" finished-at="2023-10-16T18:04:31 IST" duration-ms="21535" status="PASS">
          <reporter-output>
          </reporter-output>
        </test-method> <!-- HomePageFun -->
        <test-method is-config="true" signature="quitMeth()[pri:0, instance:com.Demoblaze.testLayer.DemoblazeTest@4c371370]" started-at="2023-10-16T18:04:31 IST" name="quitMeth" finished-at="2023-10-16T18:04:31 IST" duration-ms="2" status="PASS">
          <reporter-output>
          </reporter-output>
        </test-method> <!-- quitMeth -->
      </class> <!-- com.Demoblaze.testLayer.DemoblazeTest -->
    </test> <!-- Default test -->
  </suite> <!-- Default suite -->
</testng-results>
